<?xml version="1.0" encoding="UTF-8"?>
<testsuite name="com.stock.news.service.news.NewsServiceTest" tests="1" skipped="0" failures="0" errors="0" timestamp="2021-02-23T17:02:06" hostname="wook-MacBook-Pro.local" time="0.002">
  <properties/>
  <testcase name="뉴스_크롤링_테스트" classname="com.stock.news.service.news.NewsServiceTest" time="0.002"/>
  <system-out><![CDATA[2021-02-24 02:02:06.137  INFO 5025 --- [    Test worker] .b.t.c.SpringBootTestContextBootstrapper : Neither @ContextConfiguration nor @ContextHierarchy found for test class [com.stock.news.service.news.NewsServiceTest], using SpringBootContextLoader
2021-02-24 02:02:06.137  INFO 5025 --- [    Test worker] o.s.t.c.support.AbstractContextLoader    : Could not detect default resource locations for test class [com.stock.news.service.news.NewsServiceTest]: no resource found for suffixes {-context.xml, Context.groovy}.
2021-02-24 02:02:06.138  INFO 5025 --- [    Test worker] t.c.s.AnnotationConfigContextLoaderUtils : Could not detect default configuration classes for test class [com.stock.news.service.news.NewsServiceTest]: NewsServiceTest does not declare any static, non-private, non-final, nested classes annotated with @Configuration.
2021-02-24 02:02:06.142  INFO 5025 --- [    Test worker] .b.t.c.SpringBootTestContextBootstrapper : Found @SpringBootConfiguration com.stock.news.Application for test class com.stock.news.service.news.NewsServiceTest
2021-02-24 02:02:06.144  INFO 5025 --- [    Test worker] .b.t.c.SpringBootTestContextBootstrapper : Loaded default TestExecutionListener class names from location [META-INF/spring.factories]: [org.springframework.boot.test.autoconfigure.restdocs.RestDocsTestExecutionListener, org.springframework.boot.test.autoconfigure.web.client.MockRestServiceServerResetTestExecutionListener, org.springframework.boot.test.autoconfigure.web.servlet.MockMvcPrintOnlyOnFailureTestExecutionListener, org.springframework.boot.test.autoconfigure.web.servlet.WebDriverTestExecutionListener, org.springframework.boot.test.mock.mockito.MockitoTestExecutionListener, org.springframework.boot.test.mock.mockito.ResetMocksTestExecutionListener, org.springframework.test.context.web.ServletTestExecutionListener, org.springframework.test.context.support.DirtiesContextBeforeModesTestExecutionListener, org.springframework.test.context.support.DependencyInjectionTestExecutionListener, org.springframework.test.context.support.DirtiesContextTestExecutionListener, org.springframework.test.context.transaction.TransactionalTestExecutionListener, org.springframework.test.context.jdbc.SqlScriptsTestExecutionListener]
2021-02-24 02:02:06.144  INFO 5025 --- [    Test worker] .b.t.c.SpringBootTestContextBootstrapper : Using TestExecutionListeners: [org.springframework.test.context.web.ServletTestExecutionListener@1bff5bf7, org.springframework.test.context.support.DirtiesContextBeforeModesTestExecutionListener@4952a6a2, org.springframework.boot.test.mock.mockito.MockitoTestExecutionListener@31d1faca, org.springframework.boot.test.autoconfigure.SpringBootDependencyInjectionTestExecutionListener@4de3c114, org.springframework.test.context.support.DirtiesContextTestExecutionListener@2ca20bbc, org.springframework.test.context.transaction.TransactionalTestExecutionListener@7099df3c, org.springframework.test.context.jdbc.SqlScriptsTestExecutionListener@4e207c4f, org.springframework.boot.test.autoconfigure.restdocs.RestDocsTestExecutionListener@1d98effe, org.springframework.boot.test.autoconfigure.web.client.MockRestServiceServerResetTestExecutionListener@215be81a, org.springframework.boot.test.autoconfigure.web.servlet.MockMvcPrintOnlyOnFailureTestExecutionListener@1f85a332, org.springframework.boot.test.autoconfigure.web.servlet.WebDriverTestExecutionListener@528a6689, org.springframework.boot.test.mock.mockito.ResetMocksTestExecutionListener@8378439]
]]></system-out>
  <system-err><![CDATA[]]></system-err>
</testsuite>
