<?xml version="1.0" encoding="UTF-8"?>
<testsuite name="com.stock.news.service.news.NewsServiceTest" tests="1" skipped="0" failures="0" errors="0" timestamp="2021-02-08T15:06:25" hostname="wook-MacBook-Pro.local" time="7.636">
  <properties/>
  <testcase name="뉴스_크롤링_테스트" classname="com.stock.news.service.news.NewsServiceTest" time="7.636"/>
  <system-out><![CDATA[2021-02-09 00:06:25.601  INFO 13550 --- [    Test worker] .b.t.c.SpringBootTestContextBootstrapper : Neither @ContextConfiguration nor @ContextHierarchy found for test class [com.stock.news.service.news.NewsServiceTest], using SpringBootContextLoader
2021-02-09 00:06:25.602  INFO 13550 --- [    Test worker] o.s.t.c.support.AbstractContextLoader    : Could not detect default resource locations for test class [com.stock.news.service.news.NewsServiceTest]: no resource found for suffixes {-context.xml, Context.groovy}.
2021-02-09 00:06:25.602  INFO 13550 --- [    Test worker] t.c.s.AnnotationConfigContextLoaderUtils : Could not detect default configuration classes for test class [com.stock.news.service.news.NewsServiceTest]: NewsServiceTest does not declare any static, non-private, non-final, nested classes annotated with @Configuration.
2021-02-09 00:06:25.606  INFO 13550 --- [    Test worker] .b.t.c.SpringBootTestContextBootstrapper : Found @SpringBootConfiguration com.stock.news.Application for test class com.stock.news.service.news.NewsServiceTest
2021-02-09 00:06:25.607  INFO 13550 --- [    Test worker] .b.t.c.SpringBootTestContextBootstrapper : Loaded default TestExecutionListener class names from location [META-INF/spring.factories]: [org.springframework.boot.test.autoconfigure.restdocs.RestDocsTestExecutionListener, org.springframework.boot.test.autoconfigure.web.client.MockRestServiceServerResetTestExecutionListener, org.springframework.boot.test.autoconfigure.web.servlet.MockMvcPrintOnlyOnFailureTestExecutionListener, org.springframework.boot.test.autoconfigure.web.servlet.WebDriverTestExecutionListener, org.springframework.boot.test.mock.mockito.MockitoTestExecutionListener, org.springframework.boot.test.mock.mockito.ResetMocksTestExecutionListener, org.springframework.test.context.web.ServletTestExecutionListener, org.springframework.test.context.support.DirtiesContextBeforeModesTestExecutionListener, org.springframework.test.context.support.DependencyInjectionTestExecutionListener, org.springframework.test.context.support.DirtiesContextTestExecutionListener, org.springframework.test.context.transaction.TransactionalTestExecutionListener, org.springframework.test.context.jdbc.SqlScriptsTestExecutionListener]
2021-02-09 00:06:25.607  INFO 13550 --- [    Test worker] .b.t.c.SpringBootTestContextBootstrapper : Using TestExecutionListeners: [org.springframework.test.context.web.ServletTestExecutionListener@7df8617c, org.springframework.test.context.support.DirtiesContextBeforeModesTestExecutionListener@7fe96333, org.springframework.boot.test.mock.mockito.MockitoTestExecutionListener@3f75edf8, org.springframework.boot.test.autoconfigure.SpringBootDependencyInjectionTestExecutionListener@63fe4c58, org.springframework.test.context.support.DirtiesContextTestExecutionListener@5db332da, org.springframework.test.context.transaction.TransactionalTestExecutionListener@697722a4, org.springframework.test.context.jdbc.SqlScriptsTestExecutionListener@797d085f, org.springframework.boot.test.autoconfigure.restdocs.RestDocsTestExecutionListener@687007a4, org.springframework.boot.test.autoconfigure.web.client.MockRestServiceServerResetTestExecutionListener@2c11cd92, org.springframework.boot.test.autoconfigure.web.servlet.MockMvcPrintOnlyOnFailureTestExecutionListener@7c23a8b6, org.springframework.boot.test.autoconfigure.web.servlet.WebDriverTestExecutionListener@6d0d689d, org.springframework.boot.test.mock.mockito.ResetMocksTestExecutionListener@5a80fbf]
totalUrl : https://search.naver.com/search.naver?&where=news&query=9일&pd=1&ds=2021.02.02&de=2021.02.09&mynews=0&cluster_rank=1&start=01
https://biz.chosun.com/site/data/html_dir/2021/02/08/2021020802191.html?utm_source=naver&utm_medium=original&utm_campaign=biz
https://www.donga.com/news/article/all/20210208/105339810/1
http://www.edaily.co.kr/news/newspath.asp?newsid=04060646628948552
http://news.khan.co.kr/kh_news/khan_art_view.html?artid=202102082122001&code=940100
http://www.fnnews.com/news/202102081506256165
http://yna.kr/AKR20210208158051530?did=1195m
http://edu.donga.com/?p=article&ps=view&at_no=20210208094923737265
https://www.seoul.co.kr/news/newsView.php?id=20210208500196&wlog_tag3=naver
https://www.news1.kr/articles/?4206553
http://news.heraldcorp.com/view.php?ud=20210208000353
totalUrl : https://search.naver.com/search.naver?&where=news&query=9일&pd=1&ds=2021.02.02&de=2021.02.09&mynews=0&cluster_rank=1&start=11
https://www.news1.kr/articles/?4206176
http://yna.kr/AKR20210208055100003?did=1195m
https://biz.chosun.com/site/data/html_dir/2021/02/07/2021020700216.html?utm_source=naver&utm_medium=original&utm_campaign=biz
https://www.news1.kr/articles/?4206214
http://www.edaily.co.kr/news/newspath.asp?newsid=04060646628948552
https://sports.donga.com/article/all/20210208/105327507/1
http://news.tf.co.kr/read/economy/1841938.htm
http://yna.kr/AKR20210207063000080?did=1195m
http://mksports.co.kr/view/2021/128967/
https://www.sedaily.com/NewsView/22IGB8XZM9
totalUrl : https://search.naver.com/search.naver?&where=news&query=9일&pd=1&ds=2021.02.02&de=2021.02.09&mynews=0&cluster_rank=1&start=21
https://news.joins.com/article/olink/23583168
http://www.fnnews.com/news/202102081226045036
https://view.asiae.co.kr/article/2021020811171498228
http://news.khan.co.kr/kh_news/khan_art_view.html?artid=202102070831001&code=610102
http://yna.kr/AKR20210208017000057?did=1195m
http://sports.khan.co.kr/news/sk_index.html?art_id=202102081053003&sec_id=540301&pt=nv
https://biz.chosun.com/site/data/html_dir/2021/02/05/2021020500610.html?utm_source=naver&utm_medium=original&utm_campaign=biz
https://www.news1.kr/articles/?4206204
http://www.cctoday.co.kr/news/articleView.html?idxno=2123833
http://www.kyeonggi.com/news/articleView.html?idxno=2345923
totalUrl : https://search.naver.com/search.naver?&where=news&query=9일&pd=1&ds=2021.02.02&de=2021.02.09&mynews=0&cluster_rank=1&start=31
http://www.hani.co.kr/arti/cartoon/hanicartoon/982376.html
http://www.dailytw.kr/news/articleView.html?idxno=21671
http://www.hani.co.kr/arti/society/obituary/982383.html
http://yna.kr/AKR20210208140300002?did=1195m
http://www.sportsseoul.com/news/read/1011003?ref=naver
https://news.joins.com/article/olink/23583095
https://daily.hankooki.com/lpage/finance/202102/dh20210208140823148320.htm?s_ref=nv
https://news.imaeil.com/Politics/2021020817345405703
http://www.dhnews.co.kr/news/articleView.html?idxno=136456
http://www.kjdaily.com/read.php3?aid=1612796400537787208
totalUrl : https://search.naver.com/search.naver?&where=news&query=9일&pd=1&ds=2021.02.02&de=2021.02.09&mynews=0&cluster_rank=1&start=41
http://www.yonhapnewstv.co.kr/MYH20210208017500038/?did=1825m
http://www.kookje.co.kr/news2011/asp/newsbody.asp?code=0300&key=20210208.99099002969
http://news.khan.co.kr/kh_news/khan_art_view.html?artid=202102090000001&code=610100
http://www.edaily.co.kr/news/newspath.asp?newsid=01279206628948880&snapkey=55685,물병자리,황소자리,쌍둥이자리,게자리,사자자리,처녀자리,천칭자리,전갈자리,염소자리,오늘의운세,별자리운세,산수도인
http://www.newspim.com/news/view/20210208000960
http://www.kjdaily.com/read.php3?aid=1612796400537788208
http://www.hani.co.kr/arti/society/internalmove/982384.html
http://www.newspim.com/news/view/20210208000118
http://news.khan.co.kr/kh_news/khan_art_view.html?artid=202102082147015&code=100402
http://www.inven.co.kr/webzine/news/?news=251353
totalUrl : https://search.naver.com/search.naver?&where=news&query=9일&pd=1&ds=2021.02.02&de=2021.02.09&mynews=0&cluster_rank=1&start=51
http://www.todaykorea.co.kr/news/articleView.html?idxno=283529
http://www.nspna.com/news/?mode=view&newsid=482687
http://yna.kr/AKR20210206014552007?did=1195m
http://www.queen.co.kr/news/articleView.html?idxno=352389
http://news.khan.co.kr/kh_news/khan_art_view.html?artid=202102082049005&code=990101
http://cc.newdaily.co.kr/site/data/html/2021/02/08/2021020800265.html
http://www.kyeongin.com/main/view.php?key=20210209010001673
http://www.taxtimes.co.kr/news/article.html?no=248455
https://www.news1.kr/articles/?4205603
http://www.newsis.com/view/?id=NISX20210208_0001333716&cID=10817&pID=14000
totalUrl : https://search.naver.com/search.naver?&where=news&query=9일&pd=1&ds=2021.02.02&de=2021.02.09&mynews=0&cluster_rank=1&start=61
http://edu.donga.com/?p=article&ps=view&at_no=20210208144024879674
http://www.cmbkj.co.kr/ab-991-19461
http://www.newsfreezone.co.kr/news/articleView.html?idxno=296935
http://www.fntimes.com/html/view.php?ud=20210208184354698299ebb03838_18
http://news.khan.co.kr/kh_news/khan_art_view.html?artid=202102082149005&code=361102
http://news.heraldcorp.com/view.php?ud=20210208001167
http://www.hani.co.kr/arti/society/schooling/982341.html
http://www.joongboo.com/news/articleView.html?idxno=363472214
http://www.ccdailynews.com/news/articleView.html?idxno=2034423
http://www.mhns.co.kr/news/articleView.html?idxno=427386
totalUrl : https://search.naver.com/search.naver?&where=news&query=9일&pd=1&ds=2021.02.02&de=2021.02.09&mynews=0&cluster_rank=1&start=71
http://yna.kr/AKR20210202085100001?did=1195m
http://news.heraldcorp.com/view.php?ud=20210208001016
http://www.businesspost.co.kr/BP?command=article_view&num=216755
http://www.veritas-a.com/news/articleView.html?idxno=356226
https://www.chosun.com/economy/science/2021/02/07/EJECRMR3UFH5VKFBOBLHUZNPH4/?utm_source=naver&utm_medium=referral&utm_campaign=naver-news
https://biz.chosun.com/site/data/html_dir/2021/02/02/2021020202073.html?utm_source=naver&utm_medium=original&utm_campaign=biz
http://www.tbs.seoul.kr/news/bunya.do?method=daum_html2&typ_800=6&idx_800=3422381&seq_800=20414958
http://news.khan.co.kr/kh_news/khan_art_view.html?artid=202102082147105&code=361101
http://www.pennmike.com/news/articleView.html?idxno=40806
http://www.newsis.com/view/?id=NISX20210208_0001333693&cID=10805&pID=10800
totalUrl : https://search.naver.com/search.naver?&where=news&query=9일&pd=1&ds=2021.02.02&de=2021.02.09&mynews=0&cluster_rank=1&start=81
https://www.sedaily.com/NewsView/22IGBA5JOF
http://www.veritas-a.com/news/articleView.html?idxno=356281
http://www.veritas-a.com/news/articleView.html?idxno=356268
http://www.sportsseoul.com/news/read/1011032?ref=naver
http://www.topdaily.kr/news/articleView.html?idxno=92270
http://www.kyeongin.com/main/view.php?key=20210209010001681
https://hankookilbo.com/News/Read/A2021020815370005191?did=NA
http://www.inven.co.kr/webzine/news/?news=251200
http://www.kukinews.com/newsView/kuk202102080343
http://www.etnews.com/20210202000286
totalUrl : https://search.naver.com/search.naver?&where=news&query=9일&pd=1&ds=2021.02.02&de=2021.02.09&mynews=0&cluster_rank=1&start=91
https://www.news1.kr/articles/?4204977
http://www.veritas-a.com/news/articleView.html?idxno=356274
http://www.veritas-a.com/news/articleView.html?idxno=356282
http://www.businesspost.co.kr/BP?command=article_view&num=216503
http://www.idaegu.com/newsView/idg202102080035
https://daily.hankooki.com/lpage/economy/202102/dh20210208171306138060.htm?s_ref=nv
http://www.hani.co.kr/arti/area/capital/981809.html
http://www.newsway.co.kr/news/view?tp=1&ud=2021020818364785733
http://www.kyeongin.com/main/view.php?key=20210209010001652
https://www.news2day.co.kr/article/20210205500230
totalUrl : https://search.naver.com/search.naver?&where=news&query=10일&pd=1&ds=2021.02.03&de=2021.02.10&mynews=0&cluster_rank=1&start=01
http://yna.kr/AKR20210208132600017?did=1195m
https://www.donga.com/news/article/all/20210208/105342146/2
http://www.busan.com/view/busan/view.php?code=2021020810160957611
https://biz.chosun.com/site/data/html_dir/2021/02/08/2021020800488.html?utm_source=naver&utm_medium=original&utm_campaign=biz
http://www.etnews.com/20210208000075
http://biz.heraldcorp.com/view.php?ud=202102081021270450636_1
https://www.sedaily.com/NewsView/22IGB0VF4Z
http://www.edaily.co.kr/news/newspath.asp?newsid=01666246628948552
http://www.fnnews.com/news/202102080949321414
https://news.sbs.co.kr/news/endPage.do?news_id=N1006201908&plink=ORI&cooper=NAVER
totalUrl : https://search.naver.com/search.naver?&where=news&query=10일&pd=1&ds=2021.02.03&de=2021.02.10&mynews=0&cluster_rank=1&start=11
http://www.newsis.com/view/?id=NISX20210208_0001333277&cID=10601&pID=10600
http://www.dt.co.kr/contents.html?article_no=2021020702109919607029&ref=naver
http://www.fnnews.com/news/202102080949321414
https://news.sbs.co.kr/news/endPage.do?news_id=N1006201908&plink=ORI&cooper=NAVER
https://www.donga.com/news/article/all/20210207/105323496/1
http://yna.kr/AKR20210205140200064?did=1195m
https://www.donga.com/news/article/all/20210207/105324387/1
http://biz.heraldcorp.com/view.php?ud=202102081021270450636_1
http://www.newspim.com/news/view/20210208000217
https://biz.chosun.com/site/data/html_dir/2021/02/05/2021020500650.html?utm_source=naver&utm_medium=original&utm_campaign=biz
totalUrl : https://search.naver.com/search.naver?&where=news&query=10일&pd=1&ds=2021.02.03&de=2021.02.10&mynews=0&cluster_rank=1&start=21
http://www.idaegu.com/newsView/idg202102080068
http://yna.kr/AKR20210207011000053?did=1195m
https://view.asiae.co.kr/article/2021020814555361402
https://www.news1.kr/articles/?4206341
http://www.newsis.com/view/?id=NISX20210208_0001333993&cID=10501&pID=10500
http://www.businesspost.co.kr/BP?command=article_view&num=216622
http://cc.newdaily.co.kr/site/data/html/2021/02/08/2021020800088.html
http://www.cnbnews.com/news/article.html?no=479115
http://www.newspim.com/news/view/20210208001187
http://www.busan.com/view/busan/view.php?code=2021020813005348812
totalUrl : https://search.naver.com/search.naver?&where=news&query=10일&pd=1&ds=2021.02.03&de=2021.02.10&mynews=0&cluster_rank=1&start=31
https://www.sedaily.com/NewsView/22IEYMNP0P
https://www.news1.kr/articles/?4205733
http://www.newspim.com/news/view/20210208000227
https://sports.donga.com/article/all/20210208/105339314/1
https://sports.donga.com/article/all/20210207/105323747/1
http://news.mk.co.kr/newsRead.php?no=130770&year=2021
https://sports.donga.com/article/all/20210207/105321553/1
http://yna.kr/AKR20210205061900060?did=1195m
http://www.straightnews.co.kr/news/articleView.html?idxno=96205
http://news.heraldcorp.com/view.php?ud=20210208000075
totalUrl : https://search.naver.com/search.naver?&where=news&query=10일&pd=1&ds=2021.02.03&de=2021.02.10&mynews=0&cluster_rank=1&start=41
http://www.ccdailynews.com/news/articleView.html?idxno=2034666
http://ch1.skbroadband.com/content/view?parent_no=24&content_no=64&p_no=116711
http://www.newscape.co.kr/news/view.php?idx=59535
https://www.news1.kr/articles/?4206167
http://www.hidomin.com/news/articleView.html?idxno=444625
https://www.kgnews.co.kr/news/article.html?no=627899
http://www.dynews.co.kr/news/articleView.html?idxno=617713
http://yna.kr/AKR20210205072400064?did=1195m
http://star.mt.co.kr/stview.php?no=2021020816314987681
http://news.heraldcorp.com/view.php?ud=20210208000188
totalUrl : https://search.naver.com/search.naver?&where=news&query=10일&pd=1&ds=2021.02.03&de=2021.02.10&mynews=0&cluster_rank=1&start=51
http://www.jjan.kr/news/articleView.html?idxno=2101913
http://www.kihoilbo.co.kr/news/articleView.html?idxno=910475
http://news.heraldcorp.com/view.php?ud=20210208000296
http://www.fnnews.com/news/202102050959232364
http://www.datasom.co.kr/news/articleView.html?idxno=111944
http://www.fnnews.com/news/202102051508482596
http://www.newsis.com/view/?id=NISX20210203_0001328330&cID=10201&pID=10200
https://www.econovill.com/news/articleView.html?idxno=518615
http://www.sisamagazine.co.kr/news/articleView.html?idxno=345108
http://www.ccnnews.co.kr/news/articleView.html?idxno=208408
totalUrl : https://search.naver.com/search.naver?&where=news&query=10일&pd=1&ds=2021.02.03&de=2021.02.10&mynews=0&cluster_rank=1&start=61
http://www.cstimes.com/news/articleView.html?idxno=450096
http://www.fnnews.com/news/202102011801099002
http://www.newsis.com/view/?id=NISX20210204_0001330109&cID=10201&pID=10200
http://www.idomin.com/news/articleView.html?idxno=752629
http://www.hidomin.com/news/articleView.html?idxno=444560
http://www.joongdo.co.kr/web/view.php?key=20210208010003452
https://news.mtn.co.kr/newscenter/news_viewer.mtn?gidx=2021020510212837197
http://www.kyongbuk.co.kr/news/articleView.html?idxno=2067700
http://www.kihoilbo.co.kr/news/articleView.html?idxno=910294
https://www.hankyung.com/entertainment/article/202102064930I
totalUrl : https://search.naver.com/search.naver?&where=news&query=10일&pd=1&ds=2021.02.03&de=2021.02.10&mynews=0&cluster_rank=1&start=71
http://www.m-i.kr/news/articleView.html?idxno=794614
https://view.asiae.co.kr/article/2021020307150198681
http://www.jbnews.com/news/articleView.html?idxno=1326038
https://www.news1.kr/articles/?4204562
http://star.mk.co.kr/new/view.php?mc=ST&year=2021&no=131552
http://www.newsmaker.or.kr/news/articleView.html?idxno=111140
http://www.incheonilbo.com/news/articleView.html?idxno=1078729
http://yna.kr/AKR20210204114400055?did=1195m
https://www.news1.kr/articles/?4204126
https://news.imaeil.com/Society/2021020415061656159
totalUrl : https://search.naver.com/search.naver?&where=news&query=10일&pd=1&ds=2021.02.03&de=2021.02.10&mynews=0&cluster_rank=1&start=81
http://www.metroseoul.co.kr/article/20210208500309
https://www.nocutnews.co.kr/news/5495972
http://mksports.co.kr/view/2021/116033/
http://news.tf.co.kr/read/entertain/1841798.htm
https://www.news1.kr/articles/?4204412
http://yna.kr/AKR20210204064800062?did=1195m
https://www.pressian.com/pages/articles/2021020513541274646?utm_source=naver&utm_medium=search
http://www.newspim.com/news/view/20210205000785
http://www.hidomin.com/news/articleView.html?idxno=444535
http://news.kbs.co.kr/news/view.do?ncd=5112545&ref=A
totalUrl : https://search.naver.com/search.naver?&where=news&query=10일&pd=1&ds=2021.02.03&de=2021.02.10&mynews=0&cluster_rank=1&start=91
https://usmbc.co.kr/article/gj6NKwnnt0ZBhMO
2021-02-09 00:06:27.748  WARN 13550 --- [    Test worker] o.h.engine.jdbc.spi.SqlExceptionHelper   : SQL Error: 22001, SQLState: 22001
2021-02-09 00:06:27.749 ERROR 13550 --- [    Test worker] o.h.engine.jdbc.spi.SqlExceptionHelper   : Value too long for column """PICTUREURL"" VARCHAR(255)": "'https://search.pstatic.net/common/?src=https%3A%2F%2Fys.cdn.a04f922e9e85c8d25ebfeae3dfd22a67.com%2F2019%2F01%2F35f118d7afd21f3a... (278)"; SQL statement:
insert into news (createddate, company, content, date, pictureurl, title, url, view) values (?, ?, ?, ?, ?, ?, ?, ?) [22001-199]
totalUrl : https://search.naver.com/search.naver?&where=news&query=11일&pd=1&ds=2021.02.04&de=2021.02.11&mynews=0&cluster_rank=1&start=01
http://yna.kr/AKR20210208148900005?did=1195m
https://news.sbs.co.kr/news/endPage.do?news_id=N1006201401&plink=ORI&cooper=NAVER
https://www.news1.kr/articles/?4206002
http://yna.kr/AKR20210208064500061?did=1195m
http://sports.chosun.com/news/ntype.htm?id=202102090100066830004281&servicedate=20210208
http://edu.donga.com/?p=article&ps=view&at_no=20210208105006809035
http://news.kmib.co.kr/article/view.asp?arcid=0015515896&code=61181111&cp=nv
http://www.newsis.com/view/?id=NISX20210208_0001333072&cID=10701&pID=10700
http://www.newsfreezone.co.kr/news/articleView.html?idxno=296795
http://www.kyeonggi.com/news/articleView.html?idxno=2345863
totalUrl : https://search.naver.com/search.naver?&where=news&query=11일&pd=1&ds=2021.02.04&de=2021.02.11&mynews=0&cluster_rank=1&start=11
http://www.dt.co.kr/contents.html?article_no=2021020802109919607034&ref=naver
http://www.newsis.com/view/?id=NISX20210208_0001333072&cID=10701&pID=10700
http://www.newsfreezone.co.kr/news/articleView.html?idxno=296795
https://news.joins.com/article/olink/23579599
http://www.kyeonggi.com/news/articleView.html?idxno=2345863
https://www.news1.kr/articles/?4206687
https://www.asiatime.co.kr/article/20210208500132
http://news.wowtv.co.kr/NewsCenter/News/Read?articleId=A202102080265&t=NNv
http://ch1.skbroadband.com/content/view?parent_no=24&content_no=64&p_no=116710
http://yna.kr/AKR20210204030200007?did=1195m
totalUrl : https://search.naver.com/search.naver?&where=news&query=11일&pd=1&ds=2021.02.04&de=2021.02.11&mynews=0&cluster_rank=1&start=21
https://sports.donga.com/article/all/20210204/105284890/1
http://star.mbn.co.kr/view.php?year=2021&no=122077&refer=portal
http://www.getnews.co.kr/news/articleView.html?idxno=514128
http://www.kjdaily.com/read.php3?aid=1612348922537552005
http://www.onews.tv/news/articleView.html?idxno=47580
http://www.newsis.com/view/?id=NISX20210203_0001327930&cID=10401&pID=10400
https://news.sbs.co.kr/news/endPage.do?news_id=N1006197061&plink=ORI&cooper=NAVER
https://sports.donga.com/article/all/20210203/105265275/1
https://www.itbiznews.com/news/articleView.html?idxno=29462
http://yna.kr/AKR20210202072600052?did=1195m
totalUrl : https://search.naver.com/search.naver?&where=news&query=11일&pd=1&ds=2021.02.04&de=2021.02.11&mynews=0&cluster_rank=1&start=31
http://www.newscape.co.kr/news/view.php?idx=59537
http://www.cctvnews.co.kr/news/articleView.html?idxno=220205
https://www.news1.kr/articles/?4204375
http://www.edaily.co.kr/news/newspath.asp?newsid=01489126628947896
http://www.skyedaily.com/news/news_view.html?ID=122818
http://www.newsis.com/view/?id=NISX20210203_0001328127&cID=10805&pID=10800
http://www.finomy.com/news/articleView.html?idxno=88752
http://www.newsis.com/view/?id=NISX20210204_0001329547&cID=13001&pID=13000
https://www.sedaily.com/NewsView/22IDL8J2P9
http://www.koreadaily.com/news/read.asp?art_id=9072610
totalUrl : https://search.naver.com/search.naver?&where=news&query=11일&pd=1&ds=2021.02.04&de=2021.02.11&mynews=0&cluster_rank=1&start=41
http://www.100ssd.co.kr/news/articleView.html?idxno=74579
https://www.etoday.co.kr/news/view/1993033
http://www.newspim.com/news/view/20210203000026
http://news.kbs.co.kr/news/view.do?ncd=5109998&ref=A
https://www.pressian.com/pages/articles/2021020405453825385?utm_source=naver&utm_medium=search
http://www.cctoday.co.kr/news/articleView.html?idxno=2122928
http://www.ajunews.com/view/20210207090235740
https://www.radiokorea.com/news/article.php?uid=359969
http://www.kyeonggi.com/news/articleView.html?idxno=2345225
http://www.dt.co.kr/contents.html?article_no=2021020402101758063001&ref=naver
totalUrl : https://search.naver.com/search.naver?&where=news&query=11일&pd=1&ds=2021.02.04&de=2021.02.11&mynews=0&cluster_rank=1&start=51
http://www.m-i.kr/news/articleView.html?idxno=793771
http://www.aflnews.co.kr/news/articleView.html?idxno=206985
https://www.news1.kr/articles/?4203946
http://www.honam.co.kr/detail/c3QycN/640130
https://sports.hankooki.com/lpage/economy/202102/sp20210204175722136980.htm?s_ref=nv
http://www.koreadaily.com/news/read.asp?art_id=9069454
http://www.kado.net/news/articleView.html?idxno=1058942
https://www.sedaily.com/NewsView/22IE19860I
http://www.cmbkj.co.kr/ab-991-19405
https://news.bbsi.co.kr/news/articleView.html?idxno=3020847
totalUrl : https://search.naver.com/search.naver?&where=news&query=11일&pd=1&ds=2021.02.04&de=2021.02.11&mynews=0&cluster_rank=1&start=61
http://www.cnbnews.com/news/article.html?no=478613
https://www.pointn.net/news/articleView.html?idxno=27780
http://goodnews1.com/news/news_view.asp?seq=108169
http://www.kjdaily.com/read.php3?aid=1612344290537474006
http://www.ifm.kr/news/300476
http://www.newstomato.com/ReadNews.aspx?no=1023162
http://www.ecomedia.co.kr/news/newsview.php?ncode=1065577811879269
http://www.gamechosun.co.kr/webzine/article/view.php?no=172189
https://www.dailysecu.com/news/articleView.html?idxno=120387
http://www.slist.kr/news/articleView.html?idxno=225035
totalUrl : https://search.naver.com/search.naver?&where=news&query=11일&pd=1&ds=2021.02.04&de=2021.02.11&mynews=0&cluster_rank=1&start=71
https://www.dailysecu.com/news/articleView.html?idxno=120424
http://www.kdfnews.com/news/articleView.html?idxno=67915
http://mbnmoney.mbn.co.kr/news/view?news_no=MM1004254966
http://www.econonews.co.kr/news/articleView.html?idxno=157448
http://www.newscj.com/news/articleView.html?idxno=825276
http://www.idsn.co.kr/news/articleView.html?idxno=40529
http://www.hg-times.com/news/articleView.html?idxno=225278
http://kpenews.com/View.aspx?No=1434897
http://www.slist.kr/news/articleView.html?idxno=223669
http://www.newsis.com/view/?id=NISX20210208_0001332839&cID=10201&pID=10200
totalUrl : https://search.naver.com/search.naver?&where=news&query=11일&pd=1&ds=2021.02.04&de=2021.02.11&mynews=0&cluster_rank=1&start=81
http://www.hani.co.kr/arti/area/yeongnam/982281.html
http://www.gukjenews.com/news/articleView.html?idxno=2158222
https://biz.chosun.com/site/data/html_dir/2021/02/08/2021020801326.html?utm_source=naver&utm_medium=original&utm_campaign=biz
http://yna.kr/AKR20210207010900002?did=1195m
https://news.jtbc.joins.com/article/article.aspx?news_id=NB11991560
https://www.hankyung.com/economy/article/2021020812901
https://www.news1.kr/articles/?4205861
http://yna.kr/AKR20210208135700063?did=1195m
http://yna.kr/AKR20210208071300053?did=1195m
http://www.ohmynews.com/NWS_Web/View/at_pg.aspx?CNTN_CD=A0002718025&CMPT_CD=P0010&utm_source=naver&utm_medium=newsearch&utm_campaign=naver_news
totalUrl : https://search.naver.com/search.naver?&where=news&query=11일&pd=1&ds=2021.02.04&de=2021.02.11&mynews=0&cluster_rank=1&start=91
http://www.dt.co.kr/contents.html?article_no=2021020802109932060001&ref=naver
http://www.ohmynews.com/NWS_Web/View/at_pg.aspx?CNTN_CD=A0002718023&CMPT_CD=P0010&utm_source=naver&utm_medium=newsearch&utm_campaign=naver_news
http://www.sisajournal.com/news/articleView.html?idxno=211743
https://www.chosun.com/politics/2021/02/08/KP5IGI7QNRAI7BGBETKKEASQ3M/?utm_source=naver&utm_medium=referral&utm_campaign=naver-news
http://yna.kr/AKR20210208053500030?did=1195m
http://isplus.live.joins.com/news/article/article.asp?total_id=23988132
http://news.kbs.co.kr/news/view.do?ncd=5113972&ref=A
http://yna.kr/AKR20210208071500005?did=1195m
http://news.heraldcorp.com/view.php?ud=20210208001056
https://www.donga.com/news/article/all/20210208/105340383/1
totalUrl : https://search.naver.com/search.naver?&where=news&query=12일&pd=1&ds=2021.02.05&de=2021.02.12&mynews=0&cluster_rank=1&start=01
https://www.dnews.co.kr/uhtml/view.jsp?idxno=202102080913362960668
https://www.nocutnews.co.kr/news/5496977
http://www.kukinews.com/newsView/kuk202102080271
https://www.hankyung.com/life/article/2021020818547
https://www.news1.kr/articles/?4206143
http://star.mt.co.kr/stview.php?no=2021020810122809617
http://www.shinailbo.co.kr/news/articleView.html?idxno=1375649
https://view.asiae.co.kr/article/2021020519374914931
http://www.jbnews.com/news/articleView.html?idxno=1325976
http://www.etnews.com/20210205000169
totalUrl : https://search.naver.com/search.naver?&where=news&query=12일&pd=1&ds=2021.02.05&de=2021.02.12&mynews=0&cluster_rank=1&start=11
https://www.wikitree.co.kr/articles/618083
http://www.fnnews.com/news/202102061705189426
http://www.jbnews.com/news/articleView.html?idxno=1325976
https://health.chosun.com/site/data/html_dir/2021/02/02/2021020201806.html
http://www.gnmaeil.com/news/articleView.html?idxno=466034
http://www.dkilbo.com/news/articleView.html?idxno=324858
http://www.newdaily.co.kr/site/data/html/2021/02/08/2021020800178.html
http://www.fntimes.com/html/view.php?ud=202102080710229423ab9144a775_18
https://view.asiae.co.kr/article/2021020513493932895
http://www.mydaily.co.kr/new_yk/html/read.php?newsid=202102051121311980&ext=na
totalUrl : https://search.naver.com/search.naver?&where=news&query=12일&pd=1&ds=2021.02.05&de=2021.02.12&mynews=0&cluster_rank=1&start=21
http://www.sentv.co.kr/news/view/588216
http://www.segye.com/content/html/2021/02/02/20210202512696.html?OutUrl=naver
http://yna.kr/AKR20210204115700054?did=1195m
http://biz.newdaily.co.kr/site/data/html/2021/02/04/2021020400102.html
https://sports.donga.com/article/all/20210203/105251523/1
http://www.newsis.com/view/?id=NISX20210203_0001327930&cID=10401&pID=10400
http://www.newsis.com/view/?id=NISX20210207_0001332266&cID=10811&pID=10800
http://www.goodmorningcc.com/news/articleView.html?idxno=246051
http://www.shinailbo.co.kr/news/articleView.html?idxno=1375268
https://www.news1.kr/articles/?4200528
totalUrl : https://search.naver.com/search.naver?&where=news&query=12일&pd=1&ds=2021.02.05&de=2021.02.12&mynews=0&cluster_rank=1&start=31
http://www.edaily.co.kr/news/newspath.asp?newsid=01676086628948224
https://www.news1.kr/articles/?4202847
http://news.heraldcorp.com/view.php?ud=20210205000063
http://www.idomin.com/news/articleView.html?idxno=752381
https://www.lawtimes.co.kr/Legal-News/Legal-News-View?serial=167871
http://news.heraldcorp.com/village/view.php?ud=202102022101501638873_10
http://www.edaily.co.kr/news/newspath.asp?newsid=01394006628946584
https://www.pressian.com/pages/articles/2021020214564160344?utm_source=naver&utm_medium=search
https://sports.donga.com/article/all/20210202/105241226/1
http://www.kukinews.com/newsView/kuk202102040115
totalUrl : https://search.naver.com/search.naver?&where=news&query=12일&pd=1&ds=2021.02.05&de=2021.02.12&mynews=0&cluster_rank=1&start=41
http://mksports.co.kr/view/2021/121893/
http://www.edaily.co.kr/news/newspath.asp?newsid=01203766628947896
http://www.newsrep.co.kr/news/articleView.html?idxno=168087
http://www.fnnews.com/news/202102031009122975
http://news.mt.co.kr/mtview.php?no=2021020709314975417
http://yna.kr/AKR20210202108500065?did=1195m
http://news.mk.co.kr/newsRead.php?no=118697&year=2021
http://www.ccnnews.co.kr/news/articleView.html?idxno=207845
http://yna.kr/AKR20210202038100094?did=1195m
https://news.bbsi.co.kr/news/articleView.html?idxno=3021173
totalUrl : https://search.naver.com/search.naver?&where=news&query=12일&pd=1&ds=2021.02.05&de=2021.02.12&mynews=0&cluster_rank=1&start=51
http://www.ajunews.com/view/20210207114309860
http://gamefocus.co.kr/detail.php?number=114323
https://www.news1.kr/articles/?4205487
http://www.btnnews.tv/news/articleView.html?idxno=64825
http://www.incheonnews.com/news/articleView.html?idxno=400571
https://www.donga.com/news/article/all/20210204/105290030/1
http://www.newscj.com/news/articleView.html?idxno=827387
http://www.businesspost.co.kr/BP?command=article_view&num=215719
http://www.jeollailbo.com/news/articleView.html?idxno=619367
http://www.ajunews.com/view/20210207145510981
totalUrl : https://search.naver.com/search.naver?&where=news&query=12일&pd=1&ds=2021.02.05&de=2021.02.12&mynews=0&cluster_rank=1&start=61
https://www.news1.kr/articles/?4202145
http://www.newsis.com/view/?id=NISX20210204_0001329454&cID=10808&pID=10800
http://www.newsrep.co.kr/news/articleView.html?idxno=168470
http://www.getnews.co.kr/news/articleView.html?idxno=513567
http://www.sportsworldi.com/newsView/20210202516309
http://www.newskr.kr/news/articleView.html?idxno=58192
http://www.osen.co.kr/article/G1111517825
https://view.asiae.co.kr/article/2021020308372231010
http://news.mt.co.kr/mtview.php?no=2021020211262342340
https://www.chosun.com/national/transport-environment/2021/02/06/GITZEWKPENGKRM4NZXFQEY3XNY/?utm_source=naver&utm_medium=referral&utm_campaign=naver-news
totalUrl : https://search.naver.com/search.naver?&where=news&query=12일&pd=1&ds=2021.02.05&de=2021.02.12&mynews=0&cluster_rank=1&start=71
http://www.kbsm.net/default/index_view_page.php?idx=301554&part_idx=320
http://www.ajunews.com/view/20210202112402747
http://www.gamechosun.co.kr/webzine/article/view.php?no=172189
https://sports.donga.com/article/all/20210201/105224171/2
http://www.epnc.co.kr/news/articleView.html?idxno=200342
http://www.newsworks.co.kr/news/articleView.html?idxno=524890
https://www.econovill.com/news/articleView.html?idxno=517778
http://www.newsis.com/view/?id=NISX20210204_0001329832&cID=10201&pID=10200
http://www.youthdaily.co.kr/news/article.html?no=61311
http://www.nbntv.co.kr/news/articleView.html?idxno=917895
totalUrl : https://search.naver.com/search.naver?&where=news&query=12일&pd=1&ds=2021.02.05&de=2021.02.12&mynews=0&cluster_rank=1&start=81
http://www.idsn.co.kr/news/articleView.html?idxno=40529
http://www.siminilbo.co.kr/news/newsview.php?ncode=1065595571968328
https://www.asiatoday.co.kr/view.php?key=20210202010000957
http://www.pinpointnews.co.kr/view.php?ud=202102080815512828861beb2d9d_45
https://www.asiatoday.co.kr/view.php?key=20210203010002541
http://news.kbs.co.kr/news/view.do?ncd=5113629&ref=A
http://yna.kr/AKR20210208148900005?did=1195m
https://www.hankyung.com/economy/article/2021020812901
https://news.naver.com/main/read.nhn?mode=LSD&mid=sec&sid1=106&oid=438&aid=0000033082
http://news.khan.co.kr/kh_news/khan_art_view.html?artid=202102081207001&code=920100
totalUrl : https://search.naver.com/search.naver?&where=news&query=12일&pd=1&ds=2021.02.05&de=2021.02.12&mynews=0&cluster_rank=1&start=91
http://www.ohmynews.com/NWS_Web/View/at_pg.aspx?CNTN_CD=A0002718025&CMPT_CD=P0010&utm_source=naver&utm_medium=newsearch&utm_campaign=naver_news
https://www.sedaily.com/NewsView/22IGADUJHR
https://biz.chosun.com/site/data/html_dir/2021/02/08/2021020801088.html?utm_source=naver&utm_medium=original&utm_campaign=biz
https://news.joins.com/article/olink/23582499
http://www.newsis.com/view/?id=NISX20210208_0001333372&cID=10803&pID=14000
http://www.ohmynews.com/NWS_Web/View/at_pg.aspx?CNTN_CD=A0002717240&CMPT_CD=P0010&utm_source=naver&utm_medium=newsearch&utm_campaign=naver_news
http://www.kwnews.co.kr/nview.asp?aid=221020700177
https://www.sedaily.com/NewsView/22IG9ZB5RD
https://news.naver.com/main/read.nhn?mode=LSD&mid=sec&sid1=106&oid=438&aid=0000033077
https://www.pressian.com/pages/articles/2021020816094908681?utm_source=naver&utm_medium=search
totalUrl : https://search.naver.com/search.naver?&where=news&query=13일&pd=1&ds=2021.02.06&de=2021.02.13&mynews=0&cluster_rank=1&start=01
http://www.yonhapnewstv.co.kr/MYH20210208013400038/?did=1825m
https://imnews.imbc.com/news/2021/society/article/6082302_34873.html
http://www.busan.com/view/busan/view.php?code=2021020719045243253
https://www.sedaily.com/NewsView/22IGB8FB93
https://www.nocutnews.co.kr/news/5496977
https://www.wikitree.co.kr/articles/618083
http://www.segye.com/content/html/2021/02/05/20210205513913.html?OutUrl=naver
http://yna.kr/AKR20210203034000530?did=1195m
http://www.lec.co.kr/news/articleView.html?idxno=725305
http://www.fnnews.com/news/202102081128431559
totalUrl : https://search.naver.com/search.naver?&where=news&query=13일&pd=1&ds=2021.02.06&de=2021.02.13&mynews=0&cluster_rank=1&start=11
http://yna.kr/AKR20210204137400004?did=1195m
http://ujnews.co.kr/news/newsview.php?ncode=1065601207091648
http://www.mbn.co.kr/pages/news/newsView.php?news_seq_no=4419488
http://news.kmib.co.kr/article/view.asp?arcid=0015497172&code=61121111&cp=nv
http://www.fnnews.com/news/202102081128431559
https://www.chosun.com/national/regional/yeongnam/2021/02/05/XOZCARYOKZBE7HYE25ELXJQM64/?utm_source=naver&utm_medium=referral&utm_campaign=naver-news
https://www.ytn.co.kr/_ln/0103_202102081929305566
http://isplus.live.joins.com/news/article/article.asp?total_id=23986844
https://zdnet.co.kr/view/?no=20210207112639
http://yna.kr/AKR20210204101400065?did=1195m
totalUrl : https://search.naver.com/search.naver?&where=news&query=13일&pd=1&ds=2021.02.06&de=2021.02.13&mynews=0&cluster_rank=1&start=21
https://news.joins.com/article/olink/23580695
http://www.newsis.com/view/?id=NISX20210205_0001331230&cID=10812&pID=10800
http://www.gnnews.co.kr/news/articleView.html?idxno=467297
http://sports.chosun.com/news/ntype.htm?id=202102040100028850001744&servicedate=20210203
https://view.asiae.co.kr/article/2021020515072817581
https://view.asiae.co.kr/article/2021020310264820908
https://news.appstory.co.kr/14243
http://www.m-i.kr/news/articleView.html?idxno=794586
http://www.newscape.co.kr/news/view.php?idx=59537
http://www.domin.co.kr/news/articleView.html?idxno=1327940
totalUrl : https://search.naver.com/search.naver?&where=news&query=13일&pd=1&ds=2021.02.06&de=2021.02.13&mynews=0&cluster_rank=1&start=31
https://www.ebn.co.kr/news/view/1470556/?sc=Naver
http://www.cnbnews.com/news/article.html?no=478353
https://www.hankyung.com/international/article/2021020357777
https://www.g1tv.co.kr/index.php?type=newsLine&page=1&nth=0&viewNum=240748
http://news.kbs.co.kr/news/view.do?ncd=5112845&ref=A
http://www.sportsseoul.com/news/read/1008825?ref=naver
http://www.mydaily.co.kr/new_yk/html/read.php?newsid=202102051849962712&ext=na
http://www.kukinews.com/newsView/kuk202102030450
http://www.iusm.co.kr/news/articleView.html?idxno=900882
http://www.kbsm.net/default/index_view_page.php?idx=301887&part_idx=320
totalUrl : https://search.naver.com/search.naver?&where=news&query=13일&pd=1&ds=2021.02.06&de=2021.02.13&mynews=0&cluster_rank=1&start=41
http://www.joongboo.com/news/articleView.html?idxno=363471605
http://news.kbs.co.kr/news/view.do?ncd=5111892&ref=A
http://yna.kr/AKR20210202163600007?did=1195m
http://biz.newdaily.co.kr/site/data/html/2021/02/03/2021020300102.html
http://www.newsworks.co.kr/news/articleView.html?idxno=524762
https://www.etoday.co.kr/news/view/1992741
https://www.sedaily.com/NewsView/22IE19860I
http://www.xportsnews.com/?ac=article_view&entry_id=1386582
http://news.kbs.co.kr/news/view.do?ncd=5111132&ref=A
https://news.bbsi.co.kr/news/articleView.html?idxno=3020776
totalUrl : https://search.naver.com/search.naver?&where=news&query=13일&pd=1&ds=2021.02.06&de=2021.02.13&mynews=0&cluster_rank=1&start=51
http://www.cnbnews.com/news/article.html?no=478613
https://www.hankyung.com/entertainment/article/2021020209917
http://www.epnc.co.kr/news/articleView.html?idxno=200469
http://www.ecomedia.co.kr/news/newsview.php?ncode=1065577811879269
http://www.newsquest.co.kr/news/articleView.html?idxno=81436
https://www.yeongnam.com/web/view.php?key=20210203010000434
http://www.idjnews.kr/news/articleView.html?idxno=128335
http://www.onews.tv/news/articleView.html?idxno=47494
http://theviewers.co.kr/View.aspx?No=1433629
http://www.g-enews.com/ko-kr/news/article/news_all/202102051217069280e8b8a793f7_1/article.html
totalUrl : https://search.naver.com/search.naver?&where=news&query=13일&pd=1&ds=2021.02.06&de=2021.02.13&mynews=0&cluster_rank=1&start=61
http://www.newscj.com/news/articleView.html?idxno=825023
http://www.gukjenews.com/news/articleView.html?idxno=2158449
https://biz.chosun.com/site/data/html_dir/2021/02/08/2021020801730.html?utm_source=naver&utm_medium=original&utm_campaign=biz
https://www.hankyung.com/economy/article/2021020812901
http://yna.kr/AKR20210208078700017?did=1195m
https://biz.chosun.com/site/data/html_dir/2021/02/08/2021020801777.html?utm_source=naver&utm_medium=original&utm_campaign=biz
https://news.naver.com/main/read.nhn?mode=LSD&mid=sec&sid1=106&oid=438&aid=0000033082
https://news.jtbc.joins.com/article/article.aspx?news_id=NB11991552
http://www.fnnews.com/news/202102081048100682
http://www.ohmynews.com/NWS_Web/View/at_pg.aspx?CNTN_CD=A0002718023&CMPT_CD=P0010&utm_source=naver&utm_medium=newsearch&utm_campaign=naver_news
totalUrl : https://search.naver.com/search.naver?&where=news&query=13일&pd=1&ds=2021.02.06&de=2021.02.13&mynews=0&cluster_rank=1&start=71
https://www.seoul.co.kr/news/newsView.php?id=20210208500002&wlog_tag3=naver
http://www.newsis.com/view/?id=NISX20210208_0001333372&cID=10803&pID=14000
http://www.hani.co.kr/arti/politics/assembly/982126.html
https://www.sedaily.com/NewsView/22IGAE0367
https://news.naver.com/main/read.nhn?mode=LSD&mid=sec&sid1=106&oid=438&aid=0000033077
http://www.etnews.com/20210208000003
http://www.fnnews.com/news/202102081137527770
https://www.news1.kr/articles/?4206023
http://www.ohmynews.com/NWS_Web/View/at_pg.aspx?CNTN_CD=A0002717731&CMPT_CD=P0010&utm_source=naver&utm_medium=newsearch&utm_campaign=naver_news
http://yna.kr/AKR20210208122700005?did=1195m
totalUrl : https://search.naver.com/search.naver?&where=news&query=13일&pd=1&ds=2021.02.06&de=2021.02.13&mynews=0&cluster_rank=1&start=81
http://news.tf.co.kr/read/ptoday/1841952.htm
http://www.idaegu.com/newsView/idg202102080018
https://news.imaeil.com/Society/2021020821350663405
https://news.imaeil.com/Society/2021020822202531023
https://www.seoul.co.kr/news/newsView.php?id=20210208500087&wlog_tag3=naver
http://yna.kr/AKR20210206043500002?did=1195m
http://isplus.live.joins.com/news/article/article.asp?total_id=23988472
http://www.newsis.com/view/?id=NISX20210207_0001332427&cID=15001&pID=15000
https://game.donga.com/98449/
http://news.khan.co.kr/kh_news/khan_art_view.html?artid=202102080802011&code=940100
totalUrl : https://search.naver.com/search.naver?&where=news&query=13일&pd=1&ds=2021.02.06&de=2021.02.13&mynews=0&cluster_rank=1&start=91
https://www.hankyung.com/society/article/2021020813971
http://www.fnnews.com/news/202102080959343183
http://news.khan.co.kr/kh_news/khan_art_view.html?artid=202102082059015&code=940601
http://yna.kr/AKR20210208000400071?did=1195m
https://www.news1.kr/articles/?4206808
https://sports.donga.com/article/all/20210208/105332670/1
http://www.newspim.com/news/view/20210208000115
http://h21.hani.co.kr/arti/society/society_general/49926.html
http://www.sportsseoul.com/news/read/1010983?ref=naver
http://www.womennews.co.kr/news/articleView.html?idxno=207359
totalUrl : https://search.naver.com/search.naver?&where=news&query=14일&pd=1&ds=2021.02.07&de=2021.02.14&mynews=0&cluster_rank=1&start=01
https://tenasia.hankyung.com/music/article/2021020809624
http://www.ohmynews.com/NWS_Web/View/at_pg.aspx?CNTN_CD=A0002718023&CMPT_CD=P0010&utm_source=naver&utm_medium=newsearch&utm_campaign=naver_news
http://news.heraldcorp.com/view.php?ud=20210208000213
https://view.asiae.co.kr/article/2021020809323842467
http://sports.chosun.com/news/ntype.htm?id=202102090100066500004257&servicedate=20210208
https://www.news1.kr/articles/?4205925
http://www.dt.co.kr/contents.html?article_no=2021020902101758051004&ref=naver
https://news.sbs.co.kr/news/endPage.do?news_id=N1006201033&plink=ORI&cooper=NAVER
http://www.newsis.com/view/?id=NISX20210208_0001333957&cID=10817&pID=14000
http://www.shinailbo.co.kr/news/articleView.html?idxno=1375687
totalUrl : https://search.naver.com/search.naver?&where=news&query=14일&pd=1&ds=2021.02.07&de=2021.02.14&mynews=0&cluster_rank=1&start=11
http://edu.donga.com/?p=article&ps=view&at_no=20210208095353206702
https://biz.sbs.co.kr/article_hub/20000003264?division=NAVER
http://www.kyeonggi.com/news/articleView.html?idxno=2345840
https://biz.chosun.com/site/data/html_dir/2021/02/06/2021020600395.html?utm_source=naver&utm_medium=original&utm_campaign=biz
http://www.edaily.co.kr/news/newspath.asp?newsid=03873686628948552
http://www.inews24.com/view/1341387
http://yna.kr/AKR20210204088200001?did=1195m
http://news.kbiz.or.kr/news/articleView.html?idxno=77757
http://www.cbci.co.kr/news/articleView.html?idxno=411259
http://www.newsis.com/view/?id=NISX20210208_0001334147&cID=10803&pID=14000
totalUrl : https://search.naver.com/search.naver?&where=news&query=14일&pd=1&ds=2021.02.07&de=2021.02.14&mynews=0&cluster_rank=1&start=21
http://news.kbs.co.kr/news/view.do?ncd=5113149&ref=A
http://www.newstnt.com/news/articleView.html?idxno=71722
http://www.edaily.co.kr/news/newspath.asp?newsid=02020486628948224
https://news.joins.com/article/olink/23580600
http://news.lghellovision.net/news/newsView.do?soCode=SC40000000&idx=301805
https://view.asiae.co.kr/article/2021020407150475085
http://www.dt.co.kr/contents.html?article_no=2021020802101758051003&ref=naver
http://www.rookie.co.kr/news/articleView.html?idxno=57406
http://sports.chosun.com/news/ntype.htm?id=202102080100064060004103&servicedate=20210208
http://news.heraldcorp.com/view.php?ud=20210204000038
totalUrl : https://search.naver.com/search.naver?&where=news&query=14일&pd=1&ds=2021.02.07&de=2021.02.14&mynews=0&cluster_rank=1&start=31
http://cc.newdaily.co.kr/site/data/html/2021/02/07/2021020700028.html
http://www.sisajournal.com/news/articleView.html?idxno=211713
http://www.joseilbo.com/news/news_read.php?uid=416582&class=33&grp=
http://www.cnbnews.com/news/article.html?no=479039
https://www.ytn.co.kr/_ln/0101_202102040835419758
http://yna.kr/AKR20210204066600054?did=1195m
https://www.donga.com/news/article/all/20210204/105272353/1
http://news.kmib.co.kr/article/view.asp?arcid=0015500949&code=61111111&cp=nv
http://yna.kr/AKR20210205137800005?did=1195m
https://news.imaeil.com/Society/2021020611012394166
totalUrl : https://search.naver.com/search.naver?&where=news&query=14일&pd=1&ds=2021.02.07&de=2021.02.14&mynews=0&cluster_rank=1&start=41
http://yna.kr/AKR20210206022000530?did=1195m
https://news.joins.com/article/olink/23580858
http://ch1.skbroadband.com/content/view?parent_no=24&content_no=64&p_no=116710
http://www.ohmynews.com/NWS_Web/View/at_pg.aspx?CNTN_CD=A0002717287&CMPT_CD=P0010&utm_source=naver&utm_medium=newsearch&utm_campaign=naver_news
http://news.tf.co.kr/read/ptoday/1841625.htm
http://www.edaily.co.kr/news/newspath.asp?newsid=01390726628947568
https://biz.chosun.com/site/data/html_dir/2021/02/05/2021020501043.html?utm_source=naver&utm_medium=original&utm_campaign=biz
http://www.newsis.com/view/?id=NISX20210206_0001332070&cID=10811&pID=10800
http://www.boannews.com/media/view.asp?idx=94741&kind=
http://www.jbnews.com/news/articleView.html?idxno=1326110
totalUrl : https://search.naver.com/search.naver?&where=news&query=14일&pd=1&ds=2021.02.07&de=2021.02.14&mynews=0&cluster_rank=1&start=51
http://yna.kr/AKR20210205078000530?did=1195m
http://4th.kr/View.aspx?No=1435677
https://news.joins.com/article/olink/23581884
https://view.asiae.co.kr/article/2021020216484833876
http://news.kbs.co.kr/news/view.do?ncd=5112893&ref=A
https://www.news1.kr/articles/?4204211
http://yna.kr/AKR20210204029400530?did=1195m
https://www.inews365.com/news/article.html?no=654670
https://www.news1.kr/articles/?4204424
http://yna.kr/AKR20210203096400064?did=1195m
totalUrl : https://search.naver.com/search.naver?&where=news&query=14일&pd=1&ds=2021.02.07&de=2021.02.14&mynews=0&cluster_rank=1&start=61
http://www.hani.co.kr/arti/area/yeongnam/981649.html
http://www.newsworks.co.kr/news/articleView.html?idxno=526375
http://www.newsis.com/view/?id=NISX20210205_0001331335&cID=10809&pID=10800
https://mbcgn.kr/article/ZVtUfEn1_l
https://www.news1.kr/articles/?4203504
http://news.mt.co.kr/mtview.php?no=2021020616161989853
https://www.fetv.co.kr/news/article.html?no=75963
https://www.news1.kr/articles/?4204135
http://www.chungnamilbo.co.kr/news/articleView.html?idxno=584253
http://sports.chosun.com/news/ntype.htm?id=202102060100048820003064&servicedate=20210205
totalUrl : https://search.naver.com/search.naver?&where=news&query=14일&pd=1&ds=2021.02.07&de=2021.02.14&mynews=0&cluster_rank=1&start=71
http://www.dkilbo.com/news/articleView.html?idxno=324516
http://www.dkilbo.com/news/articleView.html?idxno=324935
http://www.newsis.com/view/?id=NISX20210204_0001330359&cID=10810&pID=10800
https://www.fetv.co.kr/news/article.html?no=76040
http://yna.kr/AKR20210204133000060?did=1195m
http://www.newsis.com/view/?id=NISX20210203_0001327956&cID=13001&pID=13000
http://yna.kr/AKR20210205075900064?did=1195m
http://www.bosa.co.kr/news/articleView.html?idxno=2143857
http://www.kyeonggi.com/news/articleView.html?idxno=2345522
http://www.kyongbuk.co.kr/news/articleView.html?idxno=2067593
totalUrl : https://search.naver.com/search.naver?&where=news&query=14일&pd=1&ds=2021.02.07&de=2021.02.14&mynews=0&cluster_rank=1&start=81
http://www.viva100.com/main/view.php?key=20210206010001788
http://yna.kr/PYH20210203127500013?did=1196m
https://www.pressian.com/pages/articles/2021020402403068685?utm_source=naver&utm_medium=search
http://www.iusm.co.kr/news/articleView.html?idxno=900694
https://news.appstory.co.kr/14244
https://www.news1.kr/articles/?4201428
http://www.edaily.co.kr/news/newspath.asp?newsid=02509206628947568
http://www.edaily.co.kr/news/newspath.asp?newsid=01439926628947896
http://news.kbs.co.kr/news/view.do?ncd=5112355&ref=A
http://www.newsis.com/view/?id=NISX20210202_0001326313&cID=10805&pID=10800
totalUrl : https://search.naver.com/search.naver?&where=news&query=14일&pd=1&ds=2021.02.07&de=2021.02.14&mynews=0&cluster_rank=1&start=91
http://www.edaily.co.kr/news/newspath.asp?newsid=01426806628947896
http://www.etnews.com/20210202000204
https://imnews.imbc.com/replay/2021/nwtoday/article/6075862_34943.html
http://www.dt.co.kr/contents.html?article_no=2021020702109931820001&ref=naver
http://www.kukinews.com/newsView/kuk202102040085
http://www.jbnews.com/news/articleView.html?idxno=1325921
http://www.dtnews24.com/news/articleView.html?idxno=598302
https://www.news1.kr/articles/?4200586
http://www.ilovepc.co.kr/news/articleView.html?idxno=37962
http://www.newsis.com/view/?id=NISX20210203_0001328773&cID=10806&pID=10800
totalUrl : https://search.naver.com/search.naver?&where=news&query=15일&pd=1&ds=2021.02.08&de=2021.02.15&mynews=0&cluster_rank=1&start=01
http://yna.kr/AKR20210208052700064?did=1195m
https://www.news1.kr/articles/?4206548
http://www.xportsnews.com/?ac=article_view&entry_id=1387089
http://www.newsis.com/view/?id=NISX20210208_0001332876&cID=10801&pID=14000
https://www.ytn.co.kr/_ln/0103_202102081540268717
http://www.inews24.com/view/1341753
https://www.chosun.com/national/2021/02/08/4NG2MP6SLBDJVJFRDSC7EINMLY/?utm_source=naver&utm_medium=referral&utm_campaign=naver-news
https://www.nocutnews.co.kr/news/5496872
http://www.wowtv.co.kr/NewsCenter/News/Read?articleId=A202102080081&t=NN
https://www.chosun.com/international/international_general/2021/02/08/F6NLMEPCZZFGNAZXONG4EYEZVM/?utm_source=naver&utm_medium=referral&utm_campaign=naver-news
totalUrl : https://search.naver.com/search.naver?&where=news&query=15일&pd=1&ds=2021.02.08&de=2021.02.15&mynews=0&cluster_rank=1&start=11
https://www.ytn.co.kr/_ln/0103_202102082222334042
https://www.chosun.com/national/2021/02/08/4NG2MP6SLBDJVJFRDSC7EINMLY/?utm_source=naver&utm_medium=referral&utm_campaign=naver-news
http://sports.khan.co.kr/news/sk_index.html?art_id=202102082236003&sec_id=540201&pt=nv
https://www.sedaily.com/NewsView/22IGCBCVE7
http://www.agrinet.co.kr/news/articleView.html?idxno=182839
https://www.ytn.co.kr/_ln/0103_202102081540268717
http://www.newspim.com/news/view/20210208001214
http://www.knnews.co.kr/news/articleView.php?idxno=1344028
http://www.knnews.co.kr/news/articleView.php?idxno=1344081
http://www.hani.co.kr/arti/international/international_general/981722.html
totalUrl : https://search.naver.com/search.naver?&where=news&query=15일&pd=1&ds=2021.02.08&de=2021.02.15&mynews=0&cluster_rank=1&start=21
http://4th.kr/View.aspx?No=1461960
https://www.safetynews.co.kr/news/articleView.html?idxno=203561
http://www.jejumaeil.net/news/articleView.html?idxno=216709
http://cc.newdaily.co.kr/site/data/html/2021/02/08/2021020800264.html
http://www.newsis.com/view/?id=NISX20210207_0001332262&cID=10811&pID=10800
http://ch1.skbroadband.com/content/view?parent_no=24&content_no=64&p_no=116711
https://www.news1.kr/articles/?4206622
http://news.heraldcorp.com/view.php?ud=20210208001127
http://www.leaders.kr/news/articleView.html?idxno=230779
https://news.joins.com/article/olink/23581297
totalUrl : https://search.naver.com/search.naver?&where=news&query=15일&pd=1&ds=2021.02.08&de=2021.02.15&mynews=0&cluster_rank=1&start=31
https://www.news1.kr/articles/?4204499
http://yna.kr/AKR20210203061852076?did=1195m
http://www.cctimes.kr/news/articleView.html?idxno=645493
http://www.newsis.com/view/?id=NISX20210208_0001333767&cID=10813&pID=10800
http://ch1.skbroadband.com/content/view?parent_no=24&content_no=54&p_no=116649
http://sjbnews.com/news/news.php?number=705315
http://www.shinailbo.co.kr/news/articleView.html?idxno=1375153
http://www.newsis.com/view/?id=NISX20210205_0001331110&cID=10806&pID=10800
http://www.busan.com/view/busan/view.php?code=2021020510243640578
http://www.busan.com/view/busan/view.php?code=2021020510405348761
totalUrl : https://search.naver.com/search.naver?&where=news&query=15일&pd=1&ds=2021.02.08&de=2021.02.15&mynews=0&cluster_rank=1&start=41
http://www.weeklytoday.com/news/articleView.html?idxno=341408
http://mbn.mk.co.kr/pages/news/newsView.php?category=mbn00012&news_seq_no=4418885
https://www.seoul.co.kr/news/newsView.php?id=20210202500083&wlog_tag3=naver
https://www.hankyung.com/entertainment/article/202102064913I
http://kbench.com/?q=node/218316
http://www.newsis.com/view/?id=NISX20210204_0001330468&cID=10804&pID=14000
http://www.shinailbo.co.kr/news/articleView.html?idxno=1375655
http://www.newsis.com/view/?id=NISX20210204_0001330344&cID=10201&pID=10200
https://www.news1.kr/articles/?4204102
http://www.enewstoday.co.kr/news/articleView.html?idxno=1451017
totalUrl : https://search.naver.com/search.naver?&where=news&query=15일&pd=1&ds=2021.02.08&de=2021.02.15&mynews=0&cluster_rank=1&start=51
http://www.newsis.com/view/?id=NISX20210205_0001331869&cID=10803&pID=14000
http://news.heraldcorp.com/view.php?ud=20210205000058
https://sports.donga.com/article/all/20210203/105254636/1
https://news.sbs.co.kr/news/endPage.do?news_id=N1006201928&plink=ORI&cooper=NAVER
http://www.kgdm.co.kr/news/articleView.html?idxno=740920
http://www.ksmnews.co.kr/default/index_view_page.php?idx=323571&part_idx=7
https://www.news1.kr/articles/?4205406
http://yna.kr/AKR20210203122300064?did=1195m
http://www.newsis.com/view/?id=NISX20210204_0001329276&cID=10701&pID=10700
https://www.news1.kr/articles/?4206408
totalUrl : https://search.naver.com/search.naver?&where=news&query=15일&pd=1&ds=2021.02.08&de=2021.02.15&mynews=0&cluster_rank=1&start=61
http://www.ohmynews.com/NWS_Web/View/at_pg.aspx?CNTN_CD=A0002717716&CMPT_CD=P0010&utm_source=naver&utm_medium=newsearch&utm_campaign=naver_news
http://www.daejonilbo.com/news/newsitem.asp?pk_no=1457748
http://andongmbc.co.kr/adboard/NewsView49940
http://www.gosiweek.com/14198
http://www.shinailbo.co.kr/news/articleView.html?idxno=1374290
http://mksports.co.kr/view/2021/111929/
http://www.jejumaeil.net/news/articleView.html?idxno=216661
https://news.appstory.co.kr/14245
https://imnews.imbc.com/news/2021/world/article/6078047_34880.html
http://www.newsis.com/view/?id=NISX20210205_0001330737&cID=10801&pID=14000
totalUrl : https://search.naver.com/search.naver?&where=news&query=15일&pd=1&ds=2021.02.08&de=2021.02.15&mynews=0&cluster_rank=1&start=71
https://www.hankyung.com/international/article/2021020509667
http://yna.kr/AKR20210203167300076?did=1195m
http://www.incheonilbo.com/news/articleView.html?idxno=1078913
https://view.asiae.co.kr/article/2021020211175529425
http://news.kbs.co.kr/news/view.do?ncd=5112566&ref=A
http://www.newsis.com/view/?id=NISX20210203_0001328142&cID=10601&pID=10600
http://www.newsis.com/view/?id=NISX20210202_0001326992&cID=10899&pID=10800
http://www.nspna.com/news/?mode=view&newsid=482433
http://www.shinailbo.co.kr/news/articleView.html?idxno=1374551
https://tenasia.hankyung.com/tv/article/2021020202964
totalUrl : https://search.naver.com/search.naver?&where=news&query=15일&pd=1&ds=2021.02.08&de=2021.02.15&mynews=0&cluster_rank=1&start=81
http://www.newsis.com/view/?id=NISX20210205_0001331303&cID=10817&pID=14000
http://www.it-b.co.kr/news/articleView.html?idxno=47246
https://bit.ly/3rdkWoi
http://www.weeklytrade.co.kr/news/view.html?section=1&category=3&item=&no=71375
http://www.kbmaeil.com/news/articleView.html?idxno=868038
http://www.breaknews.com/784278
http://www.kyeongin.com/main/view.php?key=20210204010001098
https://magazine.hankyung.com/money/article/202102027557c
https://sports.donga.com/article/all/20210205/105297422/1
http://www.newsis.com/view/?id=NISX20210205_0001330677&cID=10101&pID=10100
totalUrl : https://search.naver.com/search.naver?&where=news&query=15일&pd=1&ds=2021.02.08&de=2021.02.15&mynews=0&cluster_rank=1&start=91
http://www.phmbc.co.kr/www/news/desk_news?idx=173872&mode=view
http://www.queen.co.kr/news/articleView.html?idxno=352042
http://biz.heraldcorp.com/view.php?ud=202102020932598091580_1
https://imnews.imbc.com/replay/2021/nwtoday/article/6078171_34943.html
http://www.ajunews.com/view/20210207101144805
https://daily.hankooki.com/lpage/society/202102/dh20210203100633148510.htm?s_ref=nv
https://www.nocutnews.co.kr/news/5496079
http://www.fnnews.com/news/202102071833290035
http://www.idomin.com/news/articleView.html?idxno=752375
http://www.newsis.com/view/?id=NISX20210203_0001327968&cID=10805&pID=10800
]]></system-out>
  <system-err><![CDATA[]]></system-err>
</testsuite>
