<?xml version="1.0" encoding="UTF-8"?>
<testsuite name="com.stock.news.web.news.NewsReadControllerTest" tests="2" skipped="0" failures="0" errors="0" timestamp="2021-02-23T16:03:49" hostname="wook-MacBook-Pro.local" time="0.084">
  <properties/>
  <testcase name="뉴스_정보_가져오기" classname="com.stock.news.web.news.NewsReadControllerTest" time="0.042"/>
  <testcase name="뉴스_크롤링_테스트" classname="com.stock.news.web.news.NewsReadControllerTest" time="0.042"/>
  <system-out><![CDATA[01:03:45.438 [Test worker] DEBUG org.springframework.test.context.junit4.SpringJUnit4ClassRunner - SpringJUnit4ClassRunner constructor called with [class com.stock.news.web.news.NewsReadControllerTest]
01:03:45.445 [Test worker] DEBUG org.springframework.test.context.BootstrapUtils - Instantiating CacheAwareContextLoaderDelegate from class [org.springframework.test.context.cache.DefaultCacheAwareContextLoaderDelegate]
01:03:45.451 [Test worker] DEBUG org.springframework.test.context.BootstrapUtils - Instantiating BootstrapContext using constructor [public org.springframework.test.context.support.DefaultBootstrapContext(java.lang.Class,org.springframework.test.context.CacheAwareContextLoaderDelegate)]
01:03:45.465 [Test worker] DEBUG org.springframework.test.context.BootstrapUtils - Instantiating TestContextBootstrapper for test class [com.stock.news.web.news.NewsReadControllerTest] from class [org.springframework.boot.test.context.SpringBootTestContextBootstrapper]
01:03:45.477 [Test worker] INFO org.springframework.boot.test.context.SpringBootTestContextBootstrapper - Neither @ContextConfiguration nor @ContextHierarchy found for test class [com.stock.news.web.news.NewsReadControllerTest], using SpringBootContextLoader
01:03:45.479 [Test worker] DEBUG org.springframework.test.context.support.AbstractContextLoader - Did not detect default resource location for test class [com.stock.news.web.news.NewsReadControllerTest]: class path resource [com/stock/news/web/news/NewsReadControllerTest-context.xml] does not exist
01:03:45.479 [Test worker] DEBUG org.springframework.test.context.support.AbstractContextLoader - Did not detect default resource location for test class [com.stock.news.web.news.NewsReadControllerTest]: class path resource [com/stock/news/web/news/NewsReadControllerTestContext.groovy] does not exist
01:03:45.480 [Test worker] INFO org.springframework.test.context.support.AbstractContextLoader - Could not detect default resource locations for test class [com.stock.news.web.news.NewsReadControllerTest]: no resource found for suffixes {-context.xml, Context.groovy}.
01:03:45.480 [Test worker] INFO org.springframework.test.context.support.AnnotationConfigContextLoaderUtils - Could not detect default configuration classes for test class [com.stock.news.web.news.NewsReadControllerTest]: NewsReadControllerTest does not declare any static, non-private, non-final, nested classes annotated with @Configuration.
01:03:45.512 [Test worker] DEBUG org.springframework.test.context.support.ActiveProfilesUtils - Could not find an 'annotation declaring class' for annotation type [org.springframework.test.context.ActiveProfiles] and class [com.stock.news.web.news.NewsReadControllerTest]
01:03:45.568 [Test worker] DEBUG org.springframework.context.annotation.ClassPathScanningCandidateComponentProvider - Identified candidate component class: file [/Users/wook/ProjectI/KProject/build/classes/java/main/com/stock/news/Application.class]
01:03:45.569 [Test worker] INFO org.springframework.boot.test.context.SpringBootTestContextBootstrapper - Found @SpringBootConfiguration com.stock.news.Application for test class com.stock.news.web.news.NewsReadControllerTest
01:03:45.633 [Test worker] DEBUG org.springframework.boot.test.context.SpringBootTestContextBootstrapper - @TestExecutionListeners is not present for class [com.stock.news.web.news.NewsReadControllerTest]: using defaults.
01:03:45.634 [Test worker] INFO org.springframework.boot.test.context.SpringBootTestContextBootstrapper - Loaded default TestExecutionListener class names from location [META-INF/spring.factories]: [org.springframework.boot.test.autoconfigure.restdocs.RestDocsTestExecutionListener, org.springframework.boot.test.autoconfigure.web.client.MockRestServiceServerResetTestExecutionListener, org.springframework.boot.test.autoconfigure.web.servlet.MockMvcPrintOnlyOnFailureTestExecutionListener, org.springframework.boot.test.autoconfigure.web.servlet.WebDriverTestExecutionListener, org.springframework.boot.test.mock.mockito.MockitoTestExecutionListener, org.springframework.boot.test.mock.mockito.ResetMocksTestExecutionListener, org.springframework.test.context.web.ServletTestExecutionListener, org.springframework.test.context.support.DirtiesContextBeforeModesTestExecutionListener, org.springframework.test.context.support.DependencyInjectionTestExecutionListener, org.springframework.test.context.support.DirtiesContextTestExecutionListener, org.springframework.test.context.transaction.TransactionalTestExecutionListener, org.springframework.test.context.jdbc.SqlScriptsTestExecutionListener]
01:03:45.647 [Test worker] INFO org.springframework.boot.test.context.SpringBootTestContextBootstrapper - Using TestExecutionListeners: [org.springframework.test.context.web.ServletTestExecutionListener@317a7fd5, org.springframework.test.context.support.DirtiesContextBeforeModesTestExecutionListener@38d76968, org.springframework.boot.test.mock.mockito.MockitoTestExecutionListener@5bcf3f6d, org.springframework.boot.test.autoconfigure.SpringBootDependencyInjectionTestExecutionListener@21dc6c41, org.springframework.test.context.support.DirtiesContextTestExecutionListener@43ba3b78, org.springframework.test.context.transaction.TransactionalTestExecutionListener@4025964e, org.springframework.test.context.jdbc.SqlScriptsTestExecutionListener@62b3ed70, org.springframework.boot.test.autoconfigure.restdocs.RestDocsTestExecutionListener@20cf3b03, org.springframework.boot.test.autoconfigure.web.client.MockRestServiceServerResetTestExecutionListener@32bcb599, org.springframework.boot.test.autoconfigure.web.servlet.MockMvcPrintOnlyOnFailureTestExecutionListener@5ec7d266, org.springframework.boot.test.autoconfigure.web.servlet.WebDriverTestExecutionListener@23e26ca3, org.springframework.boot.test.mock.mockito.ResetMocksTestExecutionListener@7a2c4cff]
01:03:45.649 [Test worker] DEBUG org.springframework.test.annotation.ProfileValueUtils - Retrieved @ProfileValueSourceConfiguration [null] for test class [com.stock.news.web.news.NewsReadControllerTest]
01:03:45.650 [Test worker] DEBUG org.springframework.test.annotation.ProfileValueUtils - Retrieved ProfileValueSource type [class org.springframework.test.annotation.SystemProfileValueSource] for class [com.stock.news.web.news.NewsReadControllerTest]
01:03:45.650 [Test worker] DEBUG org.springframework.test.annotation.ProfileValueUtils - Retrieved @ProfileValueSourceConfiguration [null] for test class [com.stock.news.web.news.NewsReadControllerTest]
01:03:45.651 [Test worker] DEBUG org.springframework.test.annotation.ProfileValueUtils - Retrieved ProfileValueSource type [class org.springframework.test.annotation.SystemProfileValueSource] for class [com.stock.news.web.news.NewsReadControllerTest]
01:03:45.660 [Test worker] DEBUG org.springframework.test.context.support.AbstractDirtiesContextTestExecutionListener - Before test class: context [DefaultTestContext@1a158b29 testClass = NewsReadControllerTest, testInstance = [null], testMethod = [null], testException = [null], mergedContextConfiguration = [WebMergedContextConfiguration@7c77394b testClass = NewsReadControllerTest, locations = '{}', classes = '{class com.stock.news.Application}', contextInitializerClasses = '[]', activeProfiles = '{}', propertySourceLocations = '{}', propertySourceProperties = '{org.springframework.boot.test.context.SpringBootTestContextBootstrapper=true}', contextCustomizers = set[org.springframework.boot.test.autoconfigure.properties.PropertyMappingContextCustomizer@0, org.springframework.boot.test.autoconfigure.web.servlet.WebDriverContextCustomizerFactory$Customizer@ad1e547, org.springframework.boot.test.context.filter.ExcludeFilterContextCustomizer@1ffa95c3, org.springframework.boot.test.json.DuplicateJsonObjectContextCustomizerFactory$DuplicateJsonObjectContextCustomizer@4cde37cb, org.springframework.boot.test.mock.mockito.MockitoContextCustomizer@0, org.springframework.boot.test.web.client.TestRestTemplateContextCustomizer@3c3fdc07], resourceBasePath = 'src/main/webapp', contextLoader = 'org.springframework.boot.test.context.SpringBootContextLoader', parent = [null]], attributes = map['org.springframework.test.context.web.ServletTestExecutionListener.activateListener' -> true]], class annotated with @DirtiesContext [false] with mode [null].
01:03:45.661 [Test worker] DEBUG org.springframework.test.annotation.ProfileValueUtils - Retrieved @ProfileValueSourceConfiguration [null] for test class [com.stock.news.web.news.NewsReadControllerTest]
01:03:45.661 [Test worker] DEBUG org.springframework.test.annotation.ProfileValueUtils - Retrieved ProfileValueSource type [class org.springframework.test.annotation.SystemProfileValueSource] for class [com.stock.news.web.news.NewsReadControllerTest]
01:03:45.675 [Test worker] DEBUG org.springframework.test.context.support.TestPropertySourceUtils - Adding inlined properties to environment: {spring.jmx.enabled=false, org.springframework.boot.test.context.SpringBootTestContextBootstrapper=true, server.port=-1}

  .   ____          _            __ _ _
 /\\ / ___'_ __ _ _(_)_ __  __ _ \ \ \ \
( ( )\___ | '_ | '_| | '_ \/ _` | \ \ \ \
 \\/  ___)| |_)| | | | | || (_| |  ) ) ) )
  '  |____| .__|_| |_|_| |_\__, | / / / /
 =========|_|==============|___/=/_/_/_/
 :: Spring Boot ::        (v2.1.7.RELEASE)

2021-02-24 01:03:46.066  INFO 4158 --- [    Test worker] c.s.n.web.news.NewsReadControllerTest    : Starting NewsReadControllerTest on wook-MacBook-Pro.local with PID 4158 (started by wook in /Users/wook/ProjectI/KProject)
2021-02-24 01:03:46.067  INFO 4158 --- [    Test worker] c.s.n.web.news.NewsReadControllerTest    : The following profiles are active: real-db
2021-02-24 01:03:46.506  INFO 4158 --- [    Test worker] .s.d.r.c.RepositoryConfigurationDelegate : Bootstrapping Spring Data repositories in DEFAULT mode.
2021-02-24 01:03:46.566  INFO 4158 --- [    Test worker] .s.d.r.c.RepositoryConfigurationDelegate : Finished Spring Data repository scanning in 54ms. Found 1 repository interfaces.
2021-02-24 01:03:46.892  INFO 4158 --- [    Test worker] trationDelegate$BeanPostProcessorChecker : Bean 'org.springframework.transaction.annotation.ProxyTransactionManagementConfiguration' of type [org.springframework.transaction.annotation.ProxyTransactionManagementConfiguration$$EnhancerBySpringCGLIB$$662b9dc2] is not eligible for getting processed by all BeanPostProcessors (for example: not eligible for auto-proxying)
2021-02-24 01:03:47.054  INFO 4158 --- [    Test worker] com.zaxxer.hikari.HikariDataSource       : HikariPool-1 - Starting...
2021-02-24 01:03:47.150  INFO 4158 --- [    Test worker] log4jdbc.log4j2                          : 1. Connection opened. {executed in 86ms} 
2021-02-24 01:03:47.151  INFO 4158 --- [    Test worker] log4jdbc.log4j2                          : 1. Connection.new Connection returned 
2021-02-24 01:03:47.151  INFO 4158 --- [    Test worker] com.zaxxer.hikari.pool.PoolBase          : HikariPool-1 - Driver does not support get/set network timeout for connections. (net.sf.log4jdbc.sql.jdbcapi.ConnectionSpy.getNetworkTimeout()I)
2021-02-24 01:03:47.151  INFO 4158 --- [    Test worker] log4jdbc.log4j2                          : 1. Connection.isReadOnly() returned false
2021-02-24 01:03:47.151  INFO 4158 --- [    Test worker] log4jdbc.log4j2                          : 1. Connection.getAutoCommit() returned true
2021-02-24 01:03:47.152  INFO 4158 --- [    Test worker] log4jdbc.log4j2                          : 1. Connection.isValid(1) returned true
2021-02-24 01:03:47.154  INFO 4158 --- [    Test worker] log4jdbc.log4j2                          : 1. Connection.getTransactionIsolation() returned 4
2021-02-24 01:03:47.157  INFO 4158 --- [    Test worker] com.zaxxer.hikari.HikariDataSource       : HikariPool-1 - Start completed.
2021-02-24 01:03:47.165  INFO 4158 --- [    Test worker] log4jdbc.log4j2                          : 1. Connection.getMetaData() returned org.mariadb.jdbc.MariaDbDatabaseMetaData@f5f6b27
2021-02-24 01:03:47.168  INFO 4158 --- [    Test worker] log4jdbc.log4j2                          : 1. Connection.clearWarnings() returned 
2021-02-24 01:03:47.206  INFO 4158 --- [    Test worker] o.hibernate.jpa.internal.util.LogHelper  : HHH000204: Processing PersistenceUnitInfo [
	name: default
	...]
2021-02-24 01:03:47.252  INFO 4158 --- [    Test worker] org.hibernate.Version                    : HHH000412: Hibernate Core {5.3.10.Final}
2021-02-24 01:03:47.253  INFO 4158 --- [    Test worker] org.hibernate.cfg.Environment            : HHH000206: hibernate.properties not found
2021-02-24 01:03:47.260  INFO 4158 --- [onnection adder] log4jdbc.log4j2                          : 2. Connection opened. {executed in 0ms} 
2021-02-24 01:03:47.261  INFO 4158 --- [onnection adder] log4jdbc.log4j2                          : 2. Connection.new Connection returned 
2021-02-24 01:03:47.261  INFO 4158 --- [onnection adder] log4jdbc.log4j2                          : 2. Connection.isReadOnly() returned false
2021-02-24 01:03:47.261  INFO 4158 --- [onnection adder] log4jdbc.log4j2                          : 2. Connection.getAutoCommit() returned true
2021-02-24 01:03:47.262  INFO 4158 --- [onnection adder] log4jdbc.log4j2                          : 3. Connection opened. {executed in 1ms} 
2021-02-24 01:03:47.262  INFO 4158 --- [onnection adder] log4jdbc.log4j2                          : 3. Connection.new Connection returned 
2021-02-24 01:03:47.262  INFO 4158 --- [onnection adder] log4jdbc.log4j2                          : 3. Connection.isReadOnly() returned false
2021-02-24 01:03:47.262  INFO 4158 --- [onnection adder] log4jdbc.log4j2                          : 3. Connection.getAutoCommit() returned true
2021-02-24 01:03:47.264  INFO 4158 --- [onnection adder] log4jdbc.log4j2                          : 4. Connection opened. {executed in 0ms} 
2021-02-24 01:03:47.264  INFO 4158 --- [onnection adder] log4jdbc.log4j2                          : 4. Connection.new Connection returned 
2021-02-24 01:03:47.264  INFO 4158 --- [onnection adder] log4jdbc.log4j2                          : 4. Connection.isReadOnly() returned false
2021-02-24 01:03:47.264  INFO 4158 --- [onnection adder] log4jdbc.log4j2                          : 4. Connection.getAutoCommit() returned true
2021-02-24 01:03:47.265  INFO 4158 --- [onnection adder] log4jdbc.log4j2                          : 5. Connection opened. {executed in 1ms} 
2021-02-24 01:03:47.265  INFO 4158 --- [onnection adder] log4jdbc.log4j2                          : 5. Connection.new Connection returned 
2021-02-24 01:03:47.265  INFO 4158 --- [onnection adder] log4jdbc.log4j2                          : 5. Connection.isReadOnly() returned false
2021-02-24 01:03:47.265  INFO 4158 --- [onnection adder] log4jdbc.log4j2                          : 5. Connection.getAutoCommit() returned true
2021-02-24 01:03:47.266  INFO 4158 --- [onnection adder] log4jdbc.log4j2                          : 6. Connection opened. {executed in 1ms} 
2021-02-24 01:03:47.266  INFO 4158 --- [onnection adder] log4jdbc.log4j2                          : 6. Connection.new Connection returned 
2021-02-24 01:03:47.266  INFO 4158 --- [onnection adder] log4jdbc.log4j2                          : 6. Connection.isReadOnly() returned false
2021-02-24 01:03:47.266  INFO 4158 --- [onnection adder] log4jdbc.log4j2                          : 6. Connection.getAutoCommit() returned true
2021-02-24 01:03:47.267  INFO 4158 --- [onnection adder] log4jdbc.log4j2                          : 7. Connection opened. {executed in 1ms} 
2021-02-24 01:03:47.267  INFO 4158 --- [onnection adder] log4jdbc.log4j2                          : 7. Connection.new Connection returned 
2021-02-24 01:03:47.267  INFO 4158 --- [onnection adder] log4jdbc.log4j2                          : 7. Connection.isReadOnly() returned false
2021-02-24 01:03:47.267  INFO 4158 --- [onnection adder] log4jdbc.log4j2                          : 7. Connection.getAutoCommit() returned true
2021-02-24 01:03:47.268  INFO 4158 --- [onnection adder] log4jdbc.log4j2                          : 8. Connection opened. {executed in 1ms} 
2021-02-24 01:03:47.268  INFO 4158 --- [onnection adder] log4jdbc.log4j2                          : 8. Connection.new Connection returned 
2021-02-24 01:03:47.268  INFO 4158 --- [onnection adder] log4jdbc.log4j2                          : 8. Connection.isReadOnly() returned false
2021-02-24 01:03:47.269  INFO 4158 --- [onnection adder] log4jdbc.log4j2                          : 8. Connection.getAutoCommit() returned true
2021-02-24 01:03:47.269  INFO 4158 --- [onnection adder] log4jdbc.log4j2                          : 9. Connection opened. {executed in 0ms} 
2021-02-24 01:03:47.270  INFO 4158 --- [onnection adder] log4jdbc.log4j2                          : 9. Connection.new Connection returned 
2021-02-24 01:03:47.270  INFO 4158 --- [onnection adder] log4jdbc.log4j2                          : 9. Connection.isReadOnly() returned false
2021-02-24 01:03:47.270  INFO 4158 --- [onnection adder] log4jdbc.log4j2                          : 9. Connection.getAutoCommit() returned true
2021-02-24 01:03:47.271  INFO 4158 --- [onnection adder] log4jdbc.log4j2                          : 10. Connection opened. {executed in 1ms} 
2021-02-24 01:03:47.271  INFO 4158 --- [onnection adder] log4jdbc.log4j2                          : 10. Connection.new Connection returned 
2021-02-24 01:03:47.271  INFO 4158 --- [onnection adder] log4jdbc.log4j2                          : 10. Connection.isReadOnly() returned false
2021-02-24 01:03:47.271  INFO 4158 --- [onnection adder] log4jdbc.log4j2                          : 10. Connection.getAutoCommit() returned true
2021-02-24 01:03:47.357  INFO 4158 --- [    Test worker] o.hibernate.annotations.common.Version   : HCANN000001: Hibernate Commons Annotations {5.0.4.Final}
2021-02-24 01:03:47.451  INFO 4158 --- [    Test worker] log4jdbc.log4j2                          : 1. Connection.getMetaData() returned org.mariadb.jdbc.MariaDbDatabaseMetaData@63f328bb
2021-02-24 01:03:47.460  INFO 4158 --- [    Test worker] org.hibernate.dialect.Dialect            : HHH000400: Using dialect: org.hibernate.dialect.MySQL5Dialect
2021-02-24 01:03:47.486  INFO 4158 --- [    Test worker] log4jdbc.log4j2                          : 1. Connection.clearWarnings() returned 
2021-02-24 01:03:47.981  INFO 4158 --- [    Test worker] j.LocalContainerEntityManagerFactoryBean : Initialized JPA EntityManagerFactory for persistence unit 'default'
2021-02-24 01:03:47.984  INFO 4158 --- [    Test worker] log4jdbc.log4j2                          : 1. Connection.isValid(5) returned true
2021-02-24 01:03:47.984  INFO 4158 --- [    Test worker] log4jdbc.log4j2                          : 1. Connection.getMetaData() returned org.mariadb.jdbc.MariaDbDatabaseMetaData@5875d568
2021-02-24 01:03:47.984  INFO 4158 --- [    Test worker] log4jdbc.log4j2                          : 1. Connection.clearWarnings() returned 
2021-02-24 01:03:48.997  INFO 4158 --- [    Test worker] o.s.s.concurrent.ThreadPoolTaskExecutor  : Initializing ExecutorService 'applicationTaskExecutor'
2021-02-24 01:03:49.048  WARN 4158 --- [    Test worker] aWebConfiguration$JpaWebMvcConfiguration : spring.jpa.open-in-view is enabled by default. Therefore, database queries may be performed during view rendering. Explicitly configure spring.jpa.open-in-view to disable this warning
2021-02-24 01:03:49.088  INFO 4158 --- [    Test worker] o.s.b.a.w.s.WelcomePageHandlerMapping    : Adding welcome page: class path resource [static/index.html]
2021-02-24 01:03:49.339  INFO 4158 --- [    Test worker] c.s.n.web.news.NewsReadControllerTest    : Started NewsReadControllerTest in 3.655 seconds (JVM running for 4.493)
]]></system-out>
  <system-err><![CDATA[]]></system-err>
</testsuite>
