<?xml version="1.0" encoding="UTF-8"?>
<testsuite name="com.stock.news.service.news.NewsServiceTest" tests="1" skipped="0" failures="0" errors="0" timestamp="2021-02-23T16:03:49" hostname="wook-MacBook-Pro.local" time="0.002">
  <properties/>
  <testcase name="뉴스_크롤링_테스트" classname="com.stock.news.service.news.NewsServiceTest" time="0.002"/>
  <system-out><![CDATA[2021-02-24 01:03:49.441  INFO 4158 --- [    Test worker] .b.t.c.SpringBootTestContextBootstrapper : Neither @ContextConfiguration nor @ContextHierarchy found for test class [com.stock.news.service.news.NewsServiceTest], using SpringBootContextLoader
2021-02-24 01:03:49.442  INFO 4158 --- [    Test worker] o.s.t.c.support.AbstractContextLoader    : Could not detect default resource locations for test class [com.stock.news.service.news.NewsServiceTest]: no resource found for suffixes {-context.xml, Context.groovy}.
2021-02-24 01:03:49.442  INFO 4158 --- [    Test worker] t.c.s.AnnotationConfigContextLoaderUtils : Could not detect default configuration classes for test class [com.stock.news.service.news.NewsServiceTest]: NewsServiceTest does not declare any static, non-private, non-final, nested classes annotated with @Configuration.
2021-02-24 01:03:49.446  INFO 4158 --- [    Test worker] .b.t.c.SpringBootTestContextBootstrapper : Found @SpringBootConfiguration com.stock.news.Application for test class com.stock.news.service.news.NewsServiceTest
2021-02-24 01:03:49.447  INFO 4158 --- [    Test worker] .b.t.c.SpringBootTestContextBootstrapper : Loaded default TestExecutionListener class names from location [META-INF/spring.factories]: [org.springframework.boot.test.autoconfigure.restdocs.RestDocsTestExecutionListener, org.springframework.boot.test.autoconfigure.web.client.MockRestServiceServerResetTestExecutionListener, org.springframework.boot.test.autoconfigure.web.servlet.MockMvcPrintOnlyOnFailureTestExecutionListener, org.springframework.boot.test.autoconfigure.web.servlet.WebDriverTestExecutionListener, org.springframework.boot.test.mock.mockito.MockitoTestExecutionListener, org.springframework.boot.test.mock.mockito.ResetMocksTestExecutionListener, org.springframework.test.context.web.ServletTestExecutionListener, org.springframework.test.context.support.DirtiesContextBeforeModesTestExecutionListener, org.springframework.test.context.support.DependencyInjectionTestExecutionListener, org.springframework.test.context.support.DirtiesContextTestExecutionListener, org.springframework.test.context.transaction.TransactionalTestExecutionListener, org.springframework.test.context.jdbc.SqlScriptsTestExecutionListener]
2021-02-24 01:03:49.447  INFO 4158 --- [    Test worker] .b.t.c.SpringBootTestContextBootstrapper : Using TestExecutionListeners: [org.springframework.test.context.web.ServletTestExecutionListener@1a153d9b, org.springframework.test.context.support.DirtiesContextBeforeModesTestExecutionListener@30e1bd71, org.springframework.boot.test.mock.mockito.MockitoTestExecutionListener@78ca7bf5, org.springframework.boot.test.autoconfigure.SpringBootDependencyInjectionTestExecutionListener@2cef4b93, org.springframework.test.context.support.DirtiesContextTestExecutionListener@1fa55270, org.springframework.test.context.transaction.TransactionalTestExecutionListener@22127ec0, org.springframework.test.context.jdbc.SqlScriptsTestExecutionListener@9acbca4, org.springframework.boot.test.autoconfigure.restdocs.RestDocsTestExecutionListener@5f49cdd1, org.springframework.boot.test.autoconfigure.web.client.MockRestServiceServerResetTestExecutionListener@6aca329a, org.springframework.boot.test.autoconfigure.web.servlet.MockMvcPrintOnlyOnFailureTestExecutionListener@5b9fa57d, org.springframework.boot.test.autoconfigure.web.servlet.WebDriverTestExecutionListener@373a6b36, org.springframework.boot.test.mock.mockito.ResetMocksTestExecutionListener@268c0f45]
]]></system-out>
  <system-err><![CDATA[]]></system-err>
</testsuite>
